<?xml version="1.0" encoding="UTF-8"?>
<!-- Generated by org.testng.reporters.JUnitReportReporter -->
<testsuite hostname="DESKTOP-7NI4SEB" failures="0" tests="2" name="pac1.ContactTest" time="0.009" errors="0" timestamp="2024-07-26T15:54:04 IST" skipped="0">
  <testcase classname="pac1.ContactTest" name="createcontacttest" time="0.008"/>
  <testcase classname="pac1.ContactTest" name="modifycontacttest" time="0.001"/>
</testsuite> <!-- pac1.ContactTest -->
